<?xml version="1.0" encoding="UTF-8"?>
<testng-results ignored="0" total="1" passed="1" failed="0" skipped="0">
  <reporter-output>
  </reporter-output>
  <suite started-at="2025-03-25T20:34:50 IST" name="Default suite" finished-at="2025-03-25T20:35:25 IST" duration-ms="34808">
    <groups>
    </groups>
    <test started-at="2025-03-25T20:34:50 IST" name="Default test" finished-at="2025-03-25T20:35:25 IST" duration-ms="34808">
      <class name="restAssuredTests.SeleniumDemo">
        <test-method is-config="true" signature="setUp()[pri:0, instance:restAssuredTests.SeleniumDemo@3d34d211]" started-at="2025-03-25T20:34:50 IST" name="setUp" finished-at="2025-03-25T20:35:14 IST" duration-ms="23948" status="PASS">
          <reporter-output>
          </reporter-output>
        </test-method> <!-- setUp -->
        <test-method signature="handleAutoSuggestion()[pri:0, instance:restAssuredTests.SeleniumDemo@3d34d211]" started-at="2025-03-25T20:35:14 IST" name="handleAutoSuggestion" finished-at="2025-03-25T20:35:25 IST" duration-ms="10641" status="PASS">
          <reporter-output>
          </reporter-output>
        </test-method> <!-- handleAutoSuggestion -->
        <test-method is-config="true" signature="tearDown()[pri:0, instance:restAssuredTests.SeleniumDemo@3d34d211]" started-at="2025-03-25T20:35:25 IST" name="tearDown" finished-at="2025-03-25T20:35:25 IST" duration-ms="156" status="PASS">
          <reporter-output>
          </reporter-output>
        </test-method> <!-- tearDown -->
      </class> <!-- restAssuredTests.SeleniumDemo -->
    </test> <!-- Default test -->
  </suite> <!-- Default suite -->
</testng-results>
