<?xml version="1.0" encoding="UTF-8"?>
<testng-results ignored="0" total="1" passed="1" failed="0" skipped="0">
  <reporter-output>
  </reporter-output>
  <suite started-at="2025-04-10T14:21:45 IST" name="Default suite" finished-at="2025-04-10T14:21:53 IST" duration-ms="8550">
    <groups>
    </groups>
    <test started-at="2025-04-10T14:21:45 IST" name="Default test" finished-at="2025-04-10T14:21:53 IST" duration-ms="8550">
      <class name="restAssuredTests.SeleniumDemo">
        <test-method signature="setUp()[pri:0, instance:restAssuredTests.SeleniumDemo@3cd3e762]" started-at="2025-04-10T14:21:45 IST" name="setUp" finished-at="2025-04-10T14:21:53 IST" duration-ms="8485" status="PASS">
          <reporter-output>
          </reporter-output>
        </test-method> <!-- setUp -->
      </class> <!-- restAssuredTests.SeleniumDemo -->
    </test> <!-- Default test -->
  </suite> <!-- Default suite -->
</testng-results>
